Determining if the pthread_create exist failed with the following output:
Change Dir: /home/akhil/rosbuild_ws/ar_kinect/build/CMakeFiles/CMakeTmp

Run Build Command:/usr/bin/make "cmTryCompileExec3368192050/fast"
make[1]: Entering directory `/home/akhil/rosbuild_ws/ar_kinect/build/CMakeFiles/CMakeTmp'
/usr/bin/make -f CMakeFiles/cmTryCompileExec3368192050.dir/build.make CMakeFiles/cmTryCompileExec3368192050.dir/build
make[2]: Entering directory `/home/akhil/rosbuild_ws/ar_kinect/build/CMakeFiles/CMakeTmp'
/usr/bin/cmake -E cmake_progress_report /home/akhil/rosbuild_ws/ar_kinect/build/CMakeFiles/CMakeTmp/CMakeFiles 1
Building C object CMakeFiles/cmTryCompileExec3368192050.dir/CheckSymbolExists.c.o
/usr/bin/cc    -o CMakeFiles/cmTryCompileExec3368192050.dir/CheckSymbolExists.c.o   -c /home/akhil/rosbuild_ws/ar_kinect/build/CMakeFiles/CMakeTmp/CheckSymbolExists.c
Linking C executable cmTryCompileExec3368192050
/usr/bin/cmake -E cmake_link_script CMakeFiles/cmTryCompileExec3368192050.dir/link.txt --verbose=1
/usr/bin/cc         CMakeFiles/cmTryCompileExec3368192050.dir/CheckSymbolExists.c.o  -o cmTryCompileExec3368192050 -rdynamic 
CMakeFiles/cmTryCompileExec3368192050.dir/CheckSymbolExists.c.o: In function `main':
CheckSymbolExists.c:(.text+0x16): undefined reference to `pthread_create'
collect2: error: ld returned 1 exit status
make[2]: *** [cmTryCompileExec3368192050] Error 1
make[2]: Leaving directory `/home/akhil/rosbuild_ws/ar_kinect/build/CMakeFiles/CMakeTmp'
make[1]: Leaving directory `/home/akhil/rosbuild_ws/ar_kinect/build/CMakeFiles/CMakeTmp'
make[1]: *** [cmTryCompileExec3368192050/fast] Error 2

File /home/akhil/rosbuild_ws/ar_kinect/build/CMakeFiles/CMakeTmp/CheckSymbolExists.c:
/* */
#include <pthread.h>

int main(int argc, char** argv)
{
  (void)argv;
#ifndef pthread_create
  return ((int*)(&pthread_create))[argc];
#else
  (void)argc;
  return 0;
#endif
}

Determining if the function pthread_create exists in the pthreads failed with the following output:
Change Dir: /home/akhil/rosbuild_ws/ar_kinect/build/CMakeFiles/CMakeTmp

Run Build Command:/usr/bin/make "cmTryCompileExec2796439511/fast"
make[1]: Entering directory `/home/akhil/rosbuild_ws/ar_kinect/build/CMakeFiles/CMakeTmp'
/usr/bin/make -f CMakeFiles/cmTryCompileExec2796439511.dir/build.make CMakeFiles/cmTryCompileExec2796439511.dir/build
make[2]: Entering directory `/home/akhil/rosbuild_ws/ar_kinect/build/CMakeFiles/CMakeTmp'
/usr/bin/cmake -E cmake_progress_report /home/akhil/rosbuild_ws/ar_kinect/build/CMakeFiles/CMakeTmp/CMakeFiles 1
Building C object CMakeFiles/cmTryCompileExec2796439511.dir/CheckFunctionExists.c.o
/usr/bin/cc   -DCHECK_FUNCTION_EXISTS=pthread_create   -o CMakeFiles/cmTryCompileExec2796439511.dir/CheckFunctionExists.c.o   -c /usr/share/cmake-2.8/Modules/CheckFunctionExists.c
Linking C executable cmTryCompileExec2796439511
/usr/bin/cmake -E cmake_link_script CMakeFiles/cmTryCompileExec2796439511.dir/link.txt --verbose=1
/usr/bin/cc     -DCHECK_FUNCTION_EXISTS=pthread_create    CMakeFiles/cmTryCompileExec2796439511.dir/CheckFunctionExists.c.o  -o cmTryCompileExec2796439511 -rdynamic -lpthreads 
/usr/bin/ld: cannot find -lpthreads
collect2: error: ld returned 1 exit status
make[2]: Leaving directory `/home/akhil/rosbuild_ws/ar_kinect/build/CMakeFiles/CMakeTmp'
make[2]: *** [cmTryCompileExec2796439511] Error 1
make[1]: Leaving directory `/home/akhil/rosbuild_ws/ar_kinect/build/CMakeFiles/CMakeTmp'
make[1]: *** [cmTryCompileExec2796439511/fast] Error 2


